<?xml version="1.0" encoding="UTF-8"?>
<testng-results skipped="1" failed="0" ignored="0" total="1" passed="0">
  <reporter-output>
  </reporter-output>
  <suite name="Suite" duration-ms="39572" started-at="2020-02-14T13:04:12Z" finished-at="2020-02-14T13:04:51Z">
    <groups>
      <group name="cucumber">
        <method signature="AbstractTestNGCucumberTests.runScenario(cucumber.api.testng.PickleEventWrapper, cucumber.api.testng.CucumberFeatureWrapper)[pri:0, instance:com.automation.cucumber_test.Runner@42607a4f]" name="runScenario" class="cucumber.api.testng.AbstractTestNGCucumberTests"/>
      </group> <!-- cucumber -->
    </groups>
    <test name="Test" duration-ms="39572" started-at="2020-02-14T13:04:12Z" finished-at="2020-02-14T13:04:51Z">
      <class name="com.automation.cucumber_test.Runner">
        <test-method status="PASS" signature="setUpClass()[pri:0, instance:com.automation.cucumber_test.Runner@42607a4f]" name="setUpClass" is-config="true" duration-ms="124" started-at="2020-02-14T13:04:12Z" finished-at="2020-02-14T13:04:12Z">
          <reporter-output>
          </reporter-output>
        </test-method> <!-- setUpClass -->
        <test-method status="SKIP" signature="runScenario(cucumber.api.testng.PickleEventWrapper, cucumber.api.testng.CucumberFeatureWrapper)[pri:0, instance:com.automation.cucumber_test.Runner@42607a4f]" name="runScenario" duration-ms="39254" started-at="2020-02-14T13:04:12Z" description="Runs Cucumber Scenarios" data-provider="scenarios" finished-at="2020-02-14T13:04:51Z">
          <params>
            <param index="0">
              <value>
                <![CDATA["To test the following commands with Cucumber framework"]]>
              </value>
            </param>
            <param index="1">
              <value>
                <![CDATA["Test scenarios and commands"]]>
              </value>
            </param>
          </params>
          <exception class="org.testng.SkipException">
            <message>
              <![CDATA[cucumber.api.PendingException: TODO: implement me
at com.cucumbar.sample.fcc.page_gets_launched(fcc.java:55)
at ✽.Page gets launched(file:features/fcc_16392.feature:8)
]]>
            </message>
            <full-stacktrace>
              <![CDATA[org.testng.SkipException: cucumber.api.PendingException: TODO: implement me
at com.cucumbar.sample.fcc.page_gets_launched(fcc.java:55)
at ✽.Page gets launched(file:features/fcc_16392.feature:8)

at io.cucumber.testng.TestCaseResultListener.getError(TestCaseResultListener.java:54)
at io.cucumber.testng.TestNGCucumberRunner.runScenario(TestNGCucumberRunner.java:83)
at cucumber.api.testng.TestNGCucumberRunner.runScenario(TestNGCucumberRunner.java:24)
at cucumber.api.testng.AbstractTestNGCucumberTests.runScenario(AbstractTestNGCucumberTests.java:27)
at sun.reflect.NativeMethodAccessorImpl.invoke0(Native Method)
at sun.reflect.NativeMethodAccessorImpl.invoke(NativeMethodAccessorImpl.java:62)
at sun.reflect.DelegatingMethodAccessorImpl.invoke(DelegatingMethodAccessorImpl.java:43)
at java.lang.reflect.Method.invoke(Method.java:498)
at org.testng.internal.MethodInvocationHelper.invokeMethod(MethodInvocationHelper.java:124)
at org.testng.internal.Invoker.invokeMethod(Invoker.java:583)
at org.testng.internal.Invoker.invokeTestMethod(Invoker.java:719)
at org.testng.internal.Invoker.invokeTestMethods(Invoker.java:989)
at org.testng.internal.TestMethodWorker.invokeTestMethods(TestMethodWorker.java:125)
at org.testng.internal.TestMethodWorker.run(TestMethodWorker.java:109)
at org.testng.TestRunner.privateRun(TestRunner.java:648)
at org.testng.TestRunner.run(TestRunner.java:505)
at org.testng.SuiteRunner.runTest(SuiteRunner.java:455)
at org.testng.SuiteRunner.runSequentially(SuiteRunner.java:450)
at org.testng.SuiteRunner.privateRun(SuiteRunner.java:415)
at org.testng.SuiteRunner.run(SuiteRunner.java:364)
at org.testng.SuiteRunnerWorker.runSuite(SuiteRunnerWorker.java:52)
at org.testng.SuiteRunnerWorker.run(SuiteRunnerWorker.java:84)
at org.testng.TestNG.runSuitesSequentially(TestNG.java:1208)
at org.testng.TestNG.runSuitesLocally(TestNG.java:1137)
at org.testng.TestNG.runSuites(TestNG.java:1049)
at org.testng.TestNG.run(TestNG.java:1017)
at org.apache.maven.surefire.testng.TestNGExecutor.run(TestNGExecutor.java:281)
at org.apache.maven.surefire.testng.TestNGXmlTestSuite.execute(TestNGXmlTestSuite.java:75)
at org.apache.maven.surefire.testng.TestNGProvider.invoke(TestNGProvider.java:121)
at org.apache.maven.surefire.booter.ForkedBooter.invokeProviderInSameClassLoader(ForkedBooter.java:290)
at org.apache.maven.surefire.booter.ForkedBooter.runSuitesInProcess(ForkedBooter.java:242)
at org.apache.maven.surefire.booter.ForkedBooter.main(ForkedBooter.java:121)
Caused by: cucumber.api.PendingException: TODO: implement me
at com.cucumbar.sample.fcc.page_gets_launched(fcc.java:55)
at ✽.Page gets launched(file:features/fcc_16392.feature:8)
]]>
            </full-stacktrace>
          </exception> <!-- org.testng.SkipException -->
          <reporter-output>
          </reporter-output>
        </test-method> <!-- runScenario -->
        <test-method status="PASS" signature="tearDownClass()[pri:0, instance:com.automation.cucumber_test.Runner@42607a4f]" name="tearDownClass" is-config="true" duration-ms="124" started-at="2020-02-14T13:04:51Z" finished-at="2020-02-14T13:04:51Z">
          <reporter-output>
          </reporter-output>
        </test-method> <!-- tearDownClass -->
      </class> <!-- com.automation.cucumber_test.Runner -->
    </test> <!-- Test -->
  </suite> <!-- Suite -->
</testng-results>
